<?xml version="1.0" encoding="UTF-8"?>
<!-- Generated by org.testng.reporters.JUnitXMLReporter -->
<testsuite ignored="1" hostname="DESKTOP-PN9KDUT" failures="1" tests="9" name="test2" time="0.349" errors="0" timestamp="2024-06-03T14:55:05 GET">
  <testcase classname="TestNg.TestNgBasics" name="demo" time="0.007"/>
  <testcase classname="TestNg.TestNgBasics" name="eightthTest" time="0.001"/>
  <testcase classname="TestNg.TestNgBasics" name="eightthTest" time="0.001"/>
  <testcase classname="TestNg.TestNgBasics" name="eightthTest" time="0.007"/>
  <testcase classname="TestNg.TestNgBasics" name="fourthTest" time="0.006"/>
  <testcase classname="TestNg.TestNgBasics" name="seventhTest" time="0.0">
    <failure type="org.testng.TestNGException" message="
Parameter &amp;apos;APIkey&amp;apos; is required by @Test on method seventhTest but has not been marked @Optional or defined
in C:\Users\levan\OneDrive\Desktop\Java\UdemyIntro\testng.xml">
      <![CDATA[org.testng.TestNGException: 
Parameter 'APIkey' is required by @Test on method seventhTest but has not been marked @Optional or defined
in C:\Users\levan\OneDrive\Desktop\Java\UdemyIntro\testng.xml
at java.base/java.util.ArrayList.forEach(ArrayList.java:1511)
at java.base/java.util.concurrent.FutureTask.run(FutureTask.java:264)
at java.base/java.util.concurrent.ThreadPoolExecutor.runWorker(ThreadPoolExecutor.java:1136)
at java.base/java.util.concurrent.ThreadPoolExecutor$Worker.run(ThreadPoolExecutor.java:635)
at java.base/java.lang.Thread.run(Thread.java:840)
... Removed 16 stack frames]]>
    </failure>
  </testcase> <!-- seventhTest -->
  <testcase classname="TestNg.TestNgBasics" name="sixthTest" time="0.058"/>
  <testcase classname="TestNg.TestNgBasics" name="thirdTest" time="0.004"/>
  <testcase classname="TestNg.TestNgBasics" name="secondTest" time="0.002"/>
  <testcase classname="TestNg.TestNgBasics" name="fifthTest" time="0.0">
    <ignored/>
  </testcase> <!-- fifthTest -->
</testsuite> <!-- test2 -->
