<?xml version="1.0" encoding="UTF-8"?>
<!-- Generated by org.testng.reporters.JUnitXMLReporter -->
<testsuite ignored="7" hostname="DESKTOP-PN9KDUT" failures="0" tests="1" name="Test" time="0.077" errors="0" timestamp="2024-06-03T14:55:05 GET">
  <testcase classname="TestNg.TestNgBasics" name="demo" time="0.009"/>
  <testcase classname="TestNg.TestNgBasics" name="sixthTest" time="0.0">
    <ignored/>
  </testcase> <!-- sixthTest -->
  <testcase classname="TestNg.TestNgBasics" name="fifthTest" time="0.0">
    <ignored/>
  </testcase> <!-- fifthTest -->
  <testcase classname="TestNg.TestNgBasics" name="thirdTest" time="0.0">
    <ignored/>
  </testcase> <!-- thirdTest -->
  <testcase classname="TestNg.TestNgBasics" name="fourthTest" time="0.0">
    <ignored/>
  </testcase> <!-- fourthTest -->
  <testcase classname="TestNg.TestNgBasics" name="seventhTest" time="0.0">
    <ignored/>
  </testcase> <!-- seventhTest -->
  <testcase classname="TestNg.TestNgBasics" name="eightthTest" time="0.0">
    <ignored/>
  </testcase> <!-- eightthTest -->
  <testcase classname="TestNg.TestNgBasics" name="secondTest" time="0.0">
    <ignored/>
  </testcase> <!-- secondTest -->
</testsuite> <!-- Test -->
