<?xml version="1.0" encoding="UTF-8"?>
<testng-results ignored="0" total="1" passed="1" failed="0" skipped="0">
  <reporter-output>
  </reporter-output>
  <suite started-at="2024-06-06T16:29:26 GET" name="Default suite" finished-at="2024-06-06T16:29:31 GET" duration-ms="5597">
    <groups>
    </groups>
    <test started-at="2024-06-06T16:29:26 GET" name="Default test" finished-at="2024-06-06T16:29:31 GET" duration-ms="5597">
      <class name="extendReports.ExtentReportDemo">
        <test-method is-config="true" signature="config()[pri:0, instance:extendReports.ExtentReportDemo@7bba5817]" started-at="2024-06-06T16:29:26 GET" name="config" finished-at="2024-06-06T16:29:26 GET" duration-ms="315" status="PASS">
          <reporter-output>
          </reporter-output>
        </test-method> <!-- config -->
        <test-method signature="demo()[pri:0, instance:extendReports.ExtentReportDemo@7bba5817]" started-at="2024-06-06T16:29:26 GET" name="demo" finished-at="2024-06-06T16:29:31 GET" duration-ms="5236" status="PASS">
          <reporter-output>
          </reporter-output>
        </test-method> <!-- demo -->
      </class> <!-- extendReports.ExtentReportDemo -->
    </test> <!-- Default test -->
  </suite> <!-- Default suite -->
</testng-results>
